01-Jun-2023 19:50:56.958 INFO [main] org.apache.catalina.startup.VersionLoggerListener.log Nombre de la versión del servidor: Apache Tomcat/10.1.8
01-Jun-2023 19:50:56.963 INFO [main] org.apache.catalina.startup.VersionLoggerListener.log Server built:                      Apr 14 2023 19:40:29 UTC
01-Jun-2023 19:50:56.963 INFO [main] org.apache.catalina.startup.VersionLoggerListener.log Número de versión de servidor:     10.1.8.0
01-Jun-2023 19:50:56.964 INFO [main] org.apache.catalina.startup.VersionLoggerListener.log OS Name:                           Windows 10
01-Jun-2023 19:50:56.964 INFO [main] org.apache.catalina.startup.VersionLoggerListener.log Versión de Systema Operativo:      10.0
01-Jun-2023 19:50:56.964 INFO [main] org.apache.catalina.startup.VersionLoggerListener.log Arquitectura:                      amd64
01-Jun-2023 19:50:56.964 INFO [main] org.apache.catalina.startup.VersionLoggerListener.log Java Home:                         C:\Program Files\Java\jdk-18.0.2
01-Jun-2023 19:50:56.964 INFO [main] org.apache.catalina.startup.VersionLoggerListener.log JVM Version:                       18.0.2+9-61
01-Jun-2023 19:50:56.964 INFO [main] org.apache.catalina.startup.VersionLoggerListener.log Vededor JVM:                       Oracle Corporation
01-Jun-2023 19:50:56.964 INFO [main] org.apache.catalina.startup.VersionLoggerListener.log CATALINA_BASE:                     C:\Users\Lytos\Documents\NetBeansProjects\JSP_Gestion-Evento\Configuracion\apache-tomcat-10.1.8
01-Jun-2023 19:50:56.964 INFO [main] org.apache.catalina.startup.VersionLoggerListener.log CATALINA_HOME:                     C:\Users\Lytos\Documents\NetBeansProjects\JSP_Gestion-Evento\Configuracion\apache-tomcat-10.1.8
01-Jun-2023 19:50:56.977 INFO [main] org.apache.catalina.startup.VersionLoggerListener.log Command line argument:             -Djava.util.logging.config.file=C:\Users\Lytos\Documents\NetBeansProjects\JSP_Gestion-Evento\Configuracion\apache-tomcat-10.1.8\conf\logging.properties
01-Jun-2023 19:50:56.978 INFO [main] org.apache.catalina.startup.VersionLoggerListener.log Command line argument:             -Djava.util.logging.manager=org.apache.juli.ClassLoaderLogManager
01-Jun-2023 19:50:56.978 INFO [main] org.apache.catalina.startup.VersionLoggerListener.log Command line argument:             -Djdk.tls.ephemeralDHKeySize=2048
01-Jun-2023 19:50:56.978 INFO [main] org.apache.catalina.startup.VersionLoggerListener.log Command line argument:             -Djava.protocol.handler.pkgs=org.apache.catalina.webresources
01-Jun-2023 19:50:56.978 INFO [main] org.apache.catalina.startup.VersionLoggerListener.log Command line argument:             --add-opens=java.base/java.lang=ALL-UNNAMED
01-Jun-2023 19:50:56.978 INFO [main] org.apache.catalina.startup.VersionLoggerListener.log Command line argument:             --add-opens=java.base/java.io=ALL-UNNAMED
01-Jun-2023 19:50:56.978 INFO [main] org.apache.catalina.startup.VersionLoggerListener.log Command line argument:             --add-opens=java.base/java.util=ALL-UNNAMED
01-Jun-2023 19:50:56.978 INFO [main] org.apache.catalina.startup.VersionLoggerListener.log Command line argument:             --add-opens=java.base/java.util.concurrent=ALL-UNNAMED
01-Jun-2023 19:50:56.978 INFO [main] org.apache.catalina.startup.VersionLoggerListener.log Command line argument:             --add-opens=java.rmi/sun.rmi.transport=ALL-UNNAMED
01-Jun-2023 19:50:56.979 INFO [main] org.apache.catalina.startup.VersionLoggerListener.log Command line argument:             -Dcatalina.base=C:\Users\Lytos\Documents\NetBeansProjects\JSP_Gestion-Evento\Configuracion\apache-tomcat-10.1.8
01-Jun-2023 19:50:56.979 INFO [main] org.apache.catalina.startup.VersionLoggerListener.log Command line argument:             -Dcatalina.home=C:\Users\Lytos\Documents\NetBeansProjects\JSP_Gestion-Evento\Configuracion\apache-tomcat-10.1.8
01-Jun-2023 19:50:56.979 INFO [main] org.apache.catalina.startup.VersionLoggerListener.log Command line argument:             -Djava.io.tmpdir=C:\Users\Lytos\Documents\NetBeansProjects\JSP_Gestion-Evento\Configuracion\apache-tomcat-10.1.8\temp
01-Jun-2023 19:50:57.086 INFO [main] org.apache.catalina.core.AprLifecycleListener.lifecycleEvent Cargada la biblioteca nativa APR de Apache Tomcat [2.0.3] con la versión APR [1.7.2].
01-Jun-2023 19:50:57.096 INFO [main] org.apache.catalina.core.AprLifecycleListener.initializeSSL OpenSSL inicializado correctamente [OpenSSL 3.0.8 7 Feb 2023]
01-Jun-2023 19:50:57.696 INFO [main] org.apache.coyote.AbstractProtocol.init Inicializando el manejador de protocolo ["http-nio-8080"]

01-Jun-2023 19:50:57.821 INFO [main] org.apache.catalina.startup.Catalina.load Server initialization in [1422] milliseconds
01-Jun-2023 19:50:58.001 INFO [main] org.apache.catalina.core.StandardService.startInternal Arrancando servicio [Catalina]
01-Jun-2023 19:50:58.001 INFO [main] org.apache.catalina.core.StandardEngine.startInternal Starting Servlet engine: [Apache Tomcat/10.1.8]
01-Jun-2023 19:50:58.025 INFO [main] org.apache.catalina.startup.HostConfig.deployDescriptor Desplieque del descriptor de configuración [C:\Users\Lytos\Documents\NetBeansProjects\JSP_Gestion-Evento\Configuracion\apache-tomcat-10.1.8\conf\Catalina\localhost\Gestion_Eventos.xml]
01-Jun-2023 19:50:58.060 WARNING [main] org.apache.catalina.startup.HostConfig.deployDescriptor The path attribute with value [/Gestion_Eventos] in deployment descriptor [C:\Users\Lytos\Documents\NetBeansProjects\JSP_Gestion-Evento\Configuracion\apache-tomcat-10.1.8\conf\Catalina\localhost\Gestion_Eventos.xml] has been ignored
01-Jun-2023 19:50:59.742 INFO [main] org.apache.jasper.servlet.TldScanner.scanJars Al menos un JAR, que se ha explorado buscando TLDs, aún no contenía TLDs. Activar historial de depuración para este historiador para una completa lista de los JARs que fueron explorados y de los que nos se halló TLDs. Saltarse JARs no necesarios durante la exploración puede dar lugar a una mejora de tiempo significativa en el arranque y compilación de JSP .
01-Jun-2023 19:50:59.892 INFO [main] org.apache.catalina.startup.HostConfig.deployDescriptor Deployment of deployment descriptor [C:\Users\Lytos\Documents\NetBeansProjects\JSP_Gestion-Evento\Configuracion\apache-tomcat-10.1.8\conf\Catalina\localhost\Gestion_Eventos.xml] has finished in [1.865] ms
01-Jun-2023 19:50:59.893 INFO [main] org.apache.catalina.startup.HostConfig.deployDirectory Desplegando el directorio [C:\Users\Lytos\Documents\NetBeansProjects\JSP_Gestion-Evento\Configuracion\apache-tomcat-10.1.8\webapps\docs] de la aplicación web
01-Jun-2023 19:50:59.975 INFO [main] org.apache.catalina.startup.HostConfig.deployDirectory Deployment of web application directory [C:\Users\Lytos\Documents\NetBeansProjects\JSP_Gestion-Evento\Configuracion\apache-tomcat-10.1.8\webapps\docs] has finished in [82] ms
01-Jun-2023 19:50:59.975 INFO [main] org.apache.catalina.startup.HostConfig.deployDirectory Desplegando el directorio [C:\Users\Lytos\Documents\NetBeansProjects\JSP_Gestion-Evento\Configuracion\apache-tomcat-10.1.8\webapps\examples] de la aplicación web
