27-May-2023 19:18:16.764 INFO [main] org.apache.catalina.startup.VersionLoggerListener.log Nombre de la versión del servidor: Apache Tomcat/10.1.8
27-May-2023 19:18:16.769 INFO [main] org.apache.catalina.startup.VersionLoggerListener.log Server built:                      Apr 14 2023 19:40:29 UTC
27-May-2023 19:18:16.769 INFO [main] org.apache.catalina.startup.VersionLoggerListener.log Número de versión de servidor:     10.1.8.0
27-May-2023 19:18:16.769 INFO [main] org.apache.catalina.startup.VersionLoggerListener.log OS Name:                           Windows 10
27-May-2023 19:18:16.769 INFO [main] org.apache.catalina.startup.VersionLoggerListener.log Versión de Systema Operativo:      10.0
27-May-2023 19:18:16.769 INFO [main] org.apache.catalina.startup.VersionLoggerListener.log Arquitectura:                      amd64
27-May-2023 19:18:16.769 INFO [main] org.apache.catalina.startup.VersionLoggerListener.log Java Home:                         C:\Program Files\Java\jdk-18.0.2
27-May-2023 19:18:16.770 INFO [main] org.apache.catalina.startup.VersionLoggerListener.log JVM Version:                       18.0.2+9-61
27-May-2023 19:18:16.770 INFO [main] org.apache.catalina.startup.VersionLoggerListener.log Vededor JVM:                       Oracle Corporation
27-May-2023 19:18:16.770 INFO [main] org.apache.catalina.startup.VersionLoggerListener.log CATALINA_BASE:                     C:\Users\Lytos\Documents\NetBeansProjects\JSP_Gestion-Evento\Configuracion\apache-tomcat-10.1.8
27-May-2023 19:18:16.770 INFO [main] org.apache.catalina.startup.VersionLoggerListener.log CATALINA_HOME:                     C:\Users\Lytos\Documents\NetBeansProjects\JSP_Gestion-Evento\Configuracion\apache-tomcat-10.1.8
27-May-2023 19:18:16.784 INFO [main] org.apache.catalina.startup.VersionLoggerListener.log Command line argument:             -Djava.util.logging.config.file=C:\Users\Lytos\Documents\NetBeansProjects\JSP_Gestion-Evento\Configuracion\apache-tomcat-10.1.8\conf\logging.properties
27-May-2023 19:18:16.784 INFO [main] org.apache.catalina.startup.VersionLoggerListener.log Command line argument:             -Djava.util.logging.manager=org.apache.juli.ClassLoaderLogManager
27-May-2023 19:18:16.784 INFO [main] org.apache.catalina.startup.VersionLoggerListener.log Command line argument:             -Djdk.tls.ephemeralDHKeySize=2048
27-May-2023 19:18:16.784 INFO [main] org.apache.catalina.startup.VersionLoggerListener.log Command line argument:             -Djava.protocol.handler.pkgs=org.apache.catalina.webresources
27-May-2023 19:18:16.784 INFO [main] org.apache.catalina.startup.VersionLoggerListener.log Command line argument:             --add-opens=java.base/java.lang=ALL-UNNAMED
27-May-2023 19:18:16.785 INFO [main] org.apache.catalina.startup.VersionLoggerListener.log Command line argument:             --add-opens=java.base/java.io=ALL-UNNAMED
27-May-2023 19:18:16.785 INFO [main] org.apache.catalina.startup.VersionLoggerListener.log Command line argument:             --add-opens=java.base/java.util=ALL-UNNAMED
27-May-2023 19:18:16.785 INFO [main] org.apache.catalina.startup.VersionLoggerListener.log Command line argument:             --add-opens=java.base/java.util.concurrent=ALL-UNNAMED
27-May-2023 19:18:16.785 INFO [main] org.apache.catalina.startup.VersionLoggerListener.log Command line argument:             --add-opens=java.rmi/sun.rmi.transport=ALL-UNNAMED
27-May-2023 19:18:16.785 INFO [main] org.apache.catalina.startup.VersionLoggerListener.log Command line argument:             -Dcatalina.base=C:\Users\Lytos\Documents\NetBeansProjects\JSP_Gestion-Evento\Configuracion\apache-tomcat-10.1.8
27-May-2023 19:18:16.785 INFO [main] org.apache.catalina.startup.VersionLoggerListener.log Command line argument:             -Dcatalina.home=C:\Users\Lytos\Documents\NetBeansProjects\JSP_Gestion-Evento\Configuracion\apache-tomcat-10.1.8
27-May-2023 19:18:16.785 INFO [main] org.apache.catalina.startup.VersionLoggerListener.log Command line argument:             -Djava.io.tmpdir=C:\Users\Lytos\Documents\NetBeansProjects\JSP_Gestion-Evento\Configuracion\apache-tomcat-10.1.8\temp
27-May-2023 19:18:16.829 INFO [main] org.apache.catalina.core.AprLifecycleListener.lifecycleEvent Cargada la biblioteca nativa APR de Apache Tomcat [2.0.3] con la versión APR [1.7.2].
27-May-2023 19:18:16.839 INFO [main] org.apache.catalina.core.AprLifecycleListener.initializeSSL OpenSSL inicializado correctamente [OpenSSL 3.0.8 7 Feb 2023]
27-May-2023 19:18:17.364 INFO [main] org.apache.coyote.AbstractProtocol.init Inicializando el manejador de protocolo ["http-nio-8080"]

27-May-2023 19:18:17.512 INFO [main] org.apache.catalina.startup.Catalina.load Server initialization in [1261] milliseconds
27-May-2023 19:18:17.982 INFO [main] org.apache.catalina.core.StandardService.startInternal Arrancando servicio [Catalina]
27-May-2023 19:18:17.983 INFO [main] org.apache.catalina.core.StandardEngine.startInternal Starting Servlet engine: [Apache Tomcat/10.1.8]
27-May-2023 19:18:18.002 INFO [main] org.apache.catalina.startup.HostConfig.deployDescriptor Desplieque del descriptor de configuración [C:\Users\Lytos\Documents\NetBeansProjects\JSP_Gestion-Evento\Configuracion\apache-tomcat-10.1.8\conf\Catalina\localhost\Gestion_Eventos.xml]
27-May-2023 19:18:18.048 WARNING [main] org.apache.catalina.startup.HostConfig.deployDescriptor The path attribute with value [/Gestion_Eventos] in deployment descriptor [C:\Users\Lytos\Documents\NetBeansProjects\JSP_Gestion-Evento\Configuracion\apache-tomcat-10.1.8\conf\Catalina\localhost\Gestion_Eventos.xml] has been ignored
27-May-2023 19:18:20.128 INFO [main] org.apache.jasper.servlet.TldScanner.scanJars Al menos un JAR, que se ha explorado buscando TLDs, aún no contenía TLDs. Activar historial de depuración para este historiador para una completa lista de los JARs que fueron explorados y de los que nos se halló TLDs. Saltarse JARs no necesarios durante la exploración puede dar lugar a una mejora de tiempo significativa en el arranque y compilación de JSP .
27-May-2023 19:18:20.288 INFO [main] org.apache.catalina.startup.HostConfig.deployDescriptor Deployment of deployment descriptor [C:\Users\Lytos\Documents\NetBeansProjects\JSP_Gestion-Evento\Configuracion\apache-tomcat-10.1.8\conf\Catalina\localhost\Gestion_Eventos.xml] has finished in [2.283] ms
27-May-2023 19:18:20.289 INFO [main] org.apache.catalina.startup.HostConfig.deployDirectory Desplegando el directorio [C:\Users\Lytos\Documents\NetBeansProjects\JSP_Gestion-Evento\Configuracion\apache-tomcat-10.1.8\webapps\docs] de la aplicación web
27-May-2023 19:18:20.366 INFO [main] org.apache.catalina.startup.HostConfig.deployDirectory Deployment of web application directory [C:\Users\Lytos\Documents\NetBeansProjects\JSP_Gestion-Evento\Configuracion\apache-tomcat-10.1.8\webapps\docs] has finished in [77] ms
27-May-2023 19:18:20.367 INFO [main] org.apache.catalina.startup.HostConfig.deployDirectory Desplegando el directorio [C:\Users\Lytos\Documents\NetBeansProjects\JSP_Gestion-Evento\Configuracion\apache-tomcat-10.1.8\webapps\examples] de la aplicación web
27-May-2023 19:18:21.492 INFO [main] org.apache.catalina.startup.HostConfig.deployDirectory Deployment of web application directory [C:\Users\Lytos\Documents\NetBeansProjects\JSP_Gestion-Evento\Configuracion\apache-tomcat-10.1.8\webapps\examples] has finished in [1.125] ms
27-May-2023 19:18:21.492 INFO [main] org.apache.catalina.startup.HostConfig.deployDirectory Desplegando el directorio [C:\Users\Lytos\Documents\NetBeansProjects\JSP_Gestion-Evento\Configuracion\apache-tomcat-10.1.8\webapps\host-manager] de la aplicación web
27-May-2023 19:18:21.637 INFO [main] org.apache.catalina.startup.HostConfig.deployDirectory Deployment of web application directory [C:\Users\Lytos\Documents\NetBeansProjects\JSP_Gestion-Evento\Configuracion\apache-tomcat-10.1.8\webapps\host-manager] has finished in [145] ms
27-May-2023 19:18:21.638 INFO [main] org.apache.catalina.startup.HostConfig.deployDirectory Desplegando el directorio [C:\Users\Lytos\Documents\NetBeansProjects\JSP_Gestion-Evento\Configuracion\apache-tomcat-10.1.8\webapps\manager] de la aplicación web
27-May-2023 19:18:21.767 INFO [main] org.apache.catalina.startup.HostConfig.deployDirectory Deployment of web application directory [C:\Users\Lytos\Documents\NetBeansProjects\JSP_Gestion-Evento\Configuracion\apache-tomcat-10.1.8\webapps\manager] has finished in [128] ms
27-May-2023 19:18:21.767 INFO [main] org.apache.catalina.startup.HostConfig.deployDirectory Desplegando el directorio [C:\Users\Lytos\Documents\NetBeansProjects\JSP_Gestion-Evento\Configuracion\apache-tomcat-10.1.8\webapps\ROOT] de la aplicación web
27-May-2023 19:18:21.860 INFO [main] org.apache.catalina.startup.HostConfig.deployDirectory Deployment of web application directory [C:\Users\Lytos\Documents\NetBeansProjects\JSP_Gestion-Evento\Configuracion\apache-tomcat-10.1.8\webapps\ROOT] has finished in [93] ms
27-May-2023 19:18:21.874 INFO [main] org.apache.coyote.AbstractProtocol.start Starting ProtocolHandler ["http-nio-8080"]
27-May-2023 19:18:22.014 INFO [main] org.apache.catalina.startup.Catalina.start Server startup in [4499] milliseconds
