26-May-2023 13:03:00.520 INFO [main] org.apache.catalina.core.ApplicationContext.log ContextListener: contextInitialized()
26-May-2023 13:03:00.521 INFO [main] org.apache.catalina.core.ApplicationContext.log SessionListener: contextInitialized()
26-May-2023 13:03:00.526 INFO [main] org.apache.catalina.core.ApplicationContext.log ContextListener: attributeAdded('StockTicker', 'async.Stockticker@7d9ba6c')
26-May-2023 13:17:40.005 SEVERE [http-nio-8080-exec-27] org.apache.catalina.core.StandardWrapperValve.invoke El Servlet.service() para el servlet [jsp] en el contexto con ruta [/Gestion_Eventos] lanzó la excepción [No se puede compilar la clase para JSP: 

Ha tenido lugar un error en la línea: [90] en el archivo jsp: [/templates/clients/registrarse.jsp]
List cannot be resolved to a type
87:                                 <label for="floatingInput">Correo</label>
88:                             </div>
89:                                <%
90:                                     List<Evento> lista = EventoDAO.getAllEventos();
91:                                     for(Evento evento : lista) {
92:                                     %>
93:                                     <tr>


Ha tenido lugar un error en la línea: [90] en el archivo jsp: [/templates/clients/registrarse.jsp]
Evento cannot be resolved to a type
87:                                 <label for="floatingInput">Correo</label>
88:                             </div>
89:                                <%
90:                                     List<Evento> lista = EventoDAO.getAllEventos();
91:                                     for(Evento evento : lista) {
92:                                     %>
93:                                     <tr>


Ha tenido lugar un error en la línea: [90] en el archivo jsp: [/templates/clients/registrarse.jsp]
EventoDAO cannot be resolved
87:                                 <label for="floatingInput">Correo</label>
88:                             </div>
89:                                <%
90:                                     List<Evento> lista = EventoDAO.getAllEventos();
91:                                     for(Evento evento : lista) {
92:                                     %>
93:                                     <tr>


Ha tenido lugar un error en la línea: [91] en el archivo jsp: [/templates/clients/registrarse.jsp]
Evento cannot be resolved to a type
88:                             </div>
89:                                <%
90:                                     List<Evento> lista = EventoDAO.getAllEventos();
91:                                     for(Evento evento : lista) {
92:                                     %>
93:                                     <tr>
94:                                         <td> <%=evento.getId()%> </td


Stacktrace:] con causa raíz
	org.apache.jasper.JasperException: No se puede compilar la clase para JSP: 

Ha tenido lugar un error en la línea: [90] en el archivo jsp: [/templates/clients/registrarse.jsp]
List cannot be resolved to a type
87:                                 <label for="floatingInput">Correo</label>
88:                             </div>
89:                                <%
90:                                     List<Evento> lista = EventoDAO.getAllEventos();
91:                                     for(Evento evento : lista) {
92:                                     %>
93:                                     <tr>


Ha tenido lugar un error en la línea: [90] en el archivo jsp: [/templates/clients/registrarse.jsp]
Evento cannot be resolved to a type
87:                                 <label for="floatingInput">Correo</label>
88:                             </div>
89:                                <%
90:                                     List<Evento> lista = EventoDAO.getAllEventos();
91:                                     for(Evento evento : lista) {
92:                                     %>
93:                                     <tr>


Ha tenido lugar un error en la línea: [90] en el archivo jsp: [/templates/clients/registrarse.jsp]
EventoDAO cannot be resolved
87:                                 <label for="floatingInput">Correo</label>
88:                             </div>
89:                                <%
90:                                     List<Evento> lista = EventoDAO.getAllEventos();
91:                                     for(Evento evento : lista) {
92:                                     %>
93:                                     <tr>


Ha tenido lugar un error en la línea: [91] en el archivo jsp: [/templates/clients/registrarse.jsp]
Evento cannot be resolved to a type
88:                             </div>
89:                                <%
90:                                     List<Evento> lista = EventoDAO.getAllEventos();
91:                                     for(Evento evento : lista) {
92:                                     %>
93:                                     <tr>
94:                                         <td> <%=evento.getId()%> </td


Stacktrace:
		at org.apache.jasper.compiler.DefaultErrorHandler.javacError(DefaultErrorHandler.java:102)
		at org.apache.jasper.compiler.ErrorDispatcher.javacError(ErrorDispatcher.java:213)
		at org.apache.jasper.compiler.JDTCompiler.generateClass(JDTCompiler.java:513)
		at org.apache.jasper.compiler.Compiler.compile(Compiler.java:402)
		at org.apache.jasper.compiler.Compiler.compile(Compiler.java:372)
		at org.apache.jasper.compiler.Compiler.compile(Compiler.java:356)
		at org.apache.jasper.JspCompilationContext.compile(JspCompilationContext.java:603)
		at org.apache.jasper.servlet.JspServletWrapper.service(JspServletWrapper.java:396)
		at org.apache.jasper.servlet.JspServlet.serviceJspFile(JspServlet.java:380)
		at org.apache.jasper.servlet.JspServlet.service(JspServlet.java:328)
		at jakarta.servlet.http.HttpServlet.service(HttpServlet.java:658)
		at org.apache.catalina.core.ApplicationFilterChain.internalDoFilter(ApplicationFilterChain.java:205)
		at org.apache.catalina.core.ApplicationFilterChain.doFilter(ApplicationFilterChain.java:149)
		at org.apache.tomcat.websocket.server.WsFilter.doFilter(WsFilter.java:51)
		at org.apache.catalina.core.ApplicationFilterChain.internalDoFilter(ApplicationFilterChain.java:174)
		at org.apache.catalina.core.ApplicationFilterChain.doFilter(ApplicationFilterChain.java:149)
		at org.apache.catalina.core.StandardWrapperValve.invoke(StandardWrapperValve.java:166)
		at org.apache.catalina.core.StandardContextValve.invoke(StandardContextValve.java:90)
		at org.apache.catalina.authenticator.AuthenticatorBase.invoke(AuthenticatorBase.java:482)
		at org.apache.catalina.core.StandardHostValve.invoke(StandardHostValve.java:115)
		at org.apache.catalina.valves.ErrorReportValve.invoke(ErrorReportValve.java:93)
		at org.apache.catalina.valves.AbstractAccessLogValve.invoke(AbstractAccessLogValve.java:676)
		at org.apache.catalina.core.StandardEngineValve.invoke(StandardEngineValve.java:74)
		at org.apache.catalina.connector.CoyoteAdapter.service(CoyoteAdapter.java:341)
		at org.apache.coyote.http11.Http11Processor.service(Http11Processor.java:390)
		at org.apache.coyote.AbstractProcessorLight.process(AbstractProcessorLight.java:63)
		at org.apache.coyote.AbstractProtocol$ConnectionHandler.process(AbstractProtocol.java:894)
		at org.apache.tomcat.util.net.NioEndpoint$SocketProcessor.doRun(NioEndpoint.java:1741)
		at org.apache.tomcat.util.net.SocketProcessorBase.run(SocketProcessorBase.java:52)
		at org.apache.tomcat.util.threads.ThreadPoolExecutor.runWorker(ThreadPoolExecutor.java:1191)
		at org.apache.tomcat.util.threads.ThreadPoolExecutor$Worker.run(ThreadPoolExecutor.java:659)
		at org.apache.tomcat.util.threads.TaskThread$WrappingRunnable.run(TaskThread.java:61)
		at java.base/java.lang.Thread.run(Thread.java:833)
26-May-2023 13:18:27.334 SEVERE [http-nio-8080-exec-34] org.apache.catalina.core.StandardWrapperValve.invoke El Servlet.service() para el servlet [jsp] en el contexto con ruta [/Gestion_Eventos] lanzó la excepción [No se puede compilar la clase para JSP: 

Ha tenido lugar un error en la línea: [90] en el archivo jsp: [/templates/clients/registrarse.jsp]
List cannot be resolved to a type
87:                                 <label for="floatingInput">Correo</label>
88:                             </div>
89:                                <%
90:                                     List<Evento> lista = EventoDaoJDBC.getAllEventos();
91:                                     for(Evento evento : lista) {
92:                                     %>
93:                                     <tr>                                        


Ha tenido lugar un error en la línea: [90] en el archivo jsp: [/templates/clients/registrarse.jsp]
Evento cannot be resolved to a type
87:                                 <label for="floatingInput">Correo</label>
88:                             </div>
89:                                <%
90:                                     List<Evento> lista = EventoDaoJDBC.getAllEventos();
91:                                     for(Evento evento : lista) {
92:                                     %>
93:                                     <tr>                                        


Ha tenido lugar un error en la línea: [90] en el archivo jsp: [/templates/clients/registrarse.jsp]
EventoDaoJDBC cannot be resolved
87:                                 <label for="floatingInput">Correo</label>
88:                             </div>
89:                                <%
90:                                     List<Evento> lista = EventoDaoJDBC.getAllEventos();
91:                                     for(Evento evento : lista) {
92:                                     %>
93:                                     <tr>                                        


Ha tenido lugar un error en la línea: [91] en el archivo jsp: [/templates/clients/registrarse.jsp]
Evento cannot be resolved to a type
88:                             </div>
89:                                <%
90:                                     List<Evento> lista = EventoDaoJDBC.getAllEventos();
91:                                     for(Evento evento : lista) {
92:                                     %>
93:                                     <tr>                                        
94:                                         <td> <%=evento.getNombre()%> </td>


Stacktrace:] con causa raíz
	org.apache.jasper.JasperException: No se puede compilar la clase para JSP: 

Ha tenido lugar un error en la línea: [90] en el archivo jsp: [/templates/clients/registrarse.jsp]
List cannot be resolved to a type
87:                                 <label for="floatingInput">Correo</label>
88:                             </div>
89:                                <%
90:                                     List<Evento> lista = EventoDaoJDBC.getAllEventos();
91:                                     for(Evento evento : lista) {
92:                                     %>
93:                                     <tr>                                        


Ha tenido lugar un error en la línea: [90] en el archivo jsp: [/templates/clients/registrarse.jsp]
Evento cannot be resolved to a type
87:                                 <label for="floatingInput">Correo</label>
88:                             </div>
89:                                <%
90:                                     List<Evento> lista = EventoDaoJDBC.getAllEventos();
91:                                     for(Evento evento : lista) {
92:                                     %>
93:                                     <tr>                                        


Ha tenido lugar un error en la línea: [90] en el archivo jsp: [/templates/clients/registrarse.jsp]
EventoDaoJDBC cannot be resolved
87:                                 <label for="floatingInput">Correo</label>
88:                             </div>
89:                                <%
90:                                     List<Evento> lista = EventoDaoJDBC.getAllEventos();
91:                                     for(Evento evento : lista) {
92:                                     %>
93:                                     <tr>                                        


Ha tenido lugar un error en la línea: [91] en el archivo jsp: [/templates/clients/registrarse.jsp]
Evento cannot be resolved to a type
88:                             </div>
89:                                <%
90:                                     List<Evento> lista = EventoDaoJDBC.getAllEventos();
91:                                     for(Evento evento : lista) {
92:                                     %>
93:                                     <tr>                                        
94:                                         <td> <%=evento.getNombre()%> </td>


Stacktrace:
		at org.apache.jasper.compiler.DefaultErrorHandler.javacError(DefaultErrorHandler.java:102)
		at org.apache.jasper.compiler.ErrorDispatcher.javacError(ErrorDispatcher.java:213)
		at org.apache.jasper.compiler.JDTCompiler.generateClass(JDTCompiler.java:513)
		at org.apache.jasper.compiler.Compiler.compile(Compiler.java:402)
		at org.apache.jasper.compiler.Compiler.compile(Compiler.java:372)
		at org.apache.jasper.compiler.Compiler.compile(Compiler.java:356)
		at org.apache.jasper.JspCompilationContext.compile(JspCompilationContext.java:603)
		at org.apache.jasper.servlet.JspServletWrapper.service(JspServletWrapper.java:396)
		at org.apache.jasper.servlet.JspServlet.serviceJspFile(JspServlet.java:380)
		at org.apache.jasper.servlet.JspServlet.service(JspServlet.java:328)
		at jakarta.servlet.http.HttpServlet.service(HttpServlet.java:658)
		at org.apache.catalina.core.ApplicationFilterChain.internalDoFilter(ApplicationFilterChain.java:205)
		at org.apache.catalina.core.ApplicationFilterChain.doFilter(ApplicationFilterChain.java:149)
		at org.apache.tomcat.websocket.server.WsFilter.doFilter(WsFilter.java:51)
		at org.apache.catalina.core.ApplicationFilterChain.internalDoFilter(ApplicationFilterChain.java:174)
		at org.apache.catalina.core.ApplicationFilterChain.doFilter(ApplicationFilterChain.java:149)
		at org.apache.catalina.core.StandardWrapperValve.invoke(StandardWrapperValve.java:166)
		at org.apache.catalina.core.StandardContextValve.invoke(StandardContextValve.java:90)
		at org.apache.catalina.authenticator.AuthenticatorBase.invoke(AuthenticatorBase.java:482)
		at org.apache.catalina.core.StandardHostValve.invoke(StandardHostValve.java:115)
		at org.apache.catalina.valves.ErrorReportValve.invoke(ErrorReportValve.java:93)
		at org.apache.catalina.valves.AbstractAccessLogValve.invoke(AbstractAccessLogValve.java:676)
		at org.apache.catalina.core.StandardEngineValve.invoke(StandardEngineValve.java:74)
		at org.apache.catalina.connector.CoyoteAdapter.service(CoyoteAdapter.java:341)
		at org.apache.coyote.http11.Http11Processor.service(Http11Processor.java:390)
		at org.apache.coyote.AbstractProcessorLight.process(AbstractProcessorLight.java:63)
		at org.apache.coyote.AbstractProtocol$ConnectionHandler.process(AbstractProtocol.java:894)
		at org.apache.tomcat.util.net.NioEndpoint$SocketProcessor.doRun(NioEndpoint.java:1741)
		at org.apache.tomcat.util.net.SocketProcessorBase.run(SocketProcessorBase.java:52)
		at org.apache.tomcat.util.threads.ThreadPoolExecutor.runWorker(ThreadPoolExecutor.java:1191)
		at org.apache.tomcat.util.threads.ThreadPoolExecutor$Worker.run(ThreadPoolExecutor.java:659)
		at org.apache.tomcat.util.threads.TaskThread$WrappingRunnable.run(TaskThread.java:61)
		at java.base/java.lang.Thread.run(Thread.java:833)
26-May-2023 13:18:29.602 SEVERE [http-nio-8080-exec-25] org.apache.catalina.core.StandardWrapperValve.invoke El Servlet.service() para el servlet [jsp] en el contexto con ruta [/Gestion_Eventos] lanzó la excepción [org.apache.jasper.JasperException: java.lang.ClassNotFoundException: org.apache.jsp.templates.clients.registrarse_jsp] con causa raíz
	java.lang.ClassNotFoundException: org.apache.jsp.templates.clients.registrarse_jsp
		at java.base/java.net.URLClassLoader.findClass(URLClassLoader.java:445)
		at org.apache.jasper.servlet.JasperLoader.loadClass(JasperLoader.java:129)
		at org.apache.jasper.servlet.JasperLoader.loadClass(JasperLoader.java:58)
		at org.apache.catalina.core.DefaultInstanceManager.newInstance(DefaultInstanceManager.java:150)
		at org.apache.jasper.servlet.JspServletWrapper.getServlet(JspServletWrapper.java:189)
		at org.apache.jasper.servlet.JspServletWrapper.service(JspServletWrapper.java:410)
		at org.apache.jasper.servlet.JspServlet.serviceJspFile(JspServlet.java:380)
		at org.apache.jasper.servlet.JspServlet.service(JspServlet.java:328)
		at jakarta.servlet.http.HttpServlet.service(HttpServlet.java:658)
		at org.apache.catalina.core.ApplicationFilterChain.internalDoFilter(ApplicationFilterChain.java:205)
		at org.apache.catalina.core.ApplicationFilterChain.doFilter(ApplicationFilterChain.java:149)
		at org.apache.tomcat.websocket.server.WsFilter.doFilter(WsFilter.java:51)
		at org.apache.catalina.core.ApplicationFilterChain.internalDoFilter(ApplicationFilterChain.java:174)
		at org.apache.catalina.core.ApplicationFilterChain.doFilter(ApplicationFilterChain.java:149)
		at org.apache.catalina.core.StandardWrapperValve.invoke(StandardWrapperValve.java:166)
		at org.apache.catalina.core.StandardContextValve.invoke(StandardContextValve.java:90)
		at org.apache.catalina.authenticator.AuthenticatorBase.invoke(AuthenticatorBase.java:482)
		at org.apache.catalina.core.StandardHostValve.invoke(StandardHostValve.java:115)
		at org.apache.catalina.valves.ErrorReportValve.invoke(ErrorReportValve.java:93)
		at org.apache.catalina.valves.AbstractAccessLogValve.invoke(AbstractAccessLogValve.java:676)
		at org.apache.catalina.core.StandardEngineValve.invoke(StandardEngineValve.java:74)
		at org.apache.catalina.connector.CoyoteAdapter.service(CoyoteAdapter.java:341)
		at org.apache.coyote.http11.Http11Processor.service(Http11Processor.java:390)
		at org.apache.coyote.AbstractProcessorLight.process(AbstractProcessorLight.java:63)
		at org.apache.coyote.AbstractProtocol$ConnectionHandler.process(AbstractProtocol.java:894)
		at org.apache.tomcat.util.net.NioEndpoint$SocketProcessor.doRun(NioEndpoint.java:1741)
		at org.apache.tomcat.util.net.SocketProcessorBase.run(SocketProcessorBase.java:52)
		at org.apache.tomcat.util.threads.ThreadPoolExecutor.runWorker(ThreadPoolExecutor.java:1191)
		at org.apache.tomcat.util.threads.ThreadPoolExecutor$Worker.run(ThreadPoolExecutor.java:659)
		at org.apache.tomcat.util.threads.TaskThread$WrappingRunnable.run(TaskThread.java:61)
		at java.base/java.lang.Thread.run(Thread.java:833)
26-May-2023 13:19:04.774 SEVERE [http-nio-8080-exec-37] org.apache.catalina.core.StandardWrapperValve.invoke El Servlet.service() para el servlet [jsp] en el contexto con ruta [/Gestion_Eventos] lanzó la excepción [No se puede compilar la clase para JSP: 

Ha tenido lugar un error en la línea: [90] en el archivo jsp: [/templates/clients/registrarse.jsp]
List cannot be resolved to a type
87:                                 <label for="floatingInput">Correo</label>
88:                             </div>
89:                                <%
90:                                     List<Evento> lista = EventoDaoJDBC.getAllEventos();
91:                                     for(Evento evento : lista) {
92:                                     %>
93:                                     <tr>                                        


Ha tenido lugar un error en la línea: [90] en el archivo jsp: [/templates/clients/registrarse.jsp]
Evento cannot be resolved to a type
87:                                 <label for="floatingInput">Correo</label>
88:                             </div>
89:                                <%
90:                                     List<Evento> lista = EventoDaoJDBC.getAllEventos();
91:                                     for(Evento evento : lista) {
92:                                     %>
93:                                     <tr>                                        


Ha tenido lugar un error en la línea: [90] en el archivo jsp: [/templates/clients/registrarse.jsp]
EventoDaoJDBC cannot be resolved
87:                                 <label for="floatingInput">Correo</label>
88:                             </div>
89:                                <%
90:                                     List<Evento> lista = EventoDaoJDBC.getAllEventos();
91:                                     for(Evento evento : lista) {
92:                                     %>
93:                                     <tr>                                        


Ha tenido lugar un error en la línea: [91] en el archivo jsp: [/templates/clients/registrarse.jsp]
Evento cannot be resolved to a type
88:                             </div>
89:                                <%
90:                                     List<Evento> lista = EventoDaoJDBC.getAllEventos();
91:                                     for(Evento evento : lista) {
92:                                     %>
93:                                     <tr>                                        
94:                                         <td> <%=evento.getNombre()%> </td>                             


Stacktrace:] con causa raíz
	org.apache.jasper.JasperException: No se puede compilar la clase para JSP: 

Ha tenido lugar un error en la línea: [90] en el archivo jsp: [/templates/clients/registrarse.jsp]
List cannot be resolved to a type
87:                                 <label for="floatingInput">Correo</label>
88:                             </div>
89:                                <%
90:                                     List<Evento> lista = EventoDaoJDBC.getAllEventos();
91:                                     for(Evento evento : lista) {
92:                                     %>
93:                                     <tr>                                        


Ha tenido lugar un error en la línea: [90] en el archivo jsp: [/templates/clients/registrarse.jsp]
Evento cannot be resolved to a type
87:                                 <label for="floatingInput">Correo</label>
88:                             </div>
89:                                <%
90:                                     List<Evento> lista = EventoDaoJDBC.getAllEventos();
91:                                     for(Evento evento : lista) {
92:                                     %>
93:                                     <tr>                                        


Ha tenido lugar un error en la línea: [90] en el archivo jsp: [/templates/clients/registrarse.jsp]
EventoDaoJDBC cannot be resolved
87:                                 <label for="floatingInput">Correo</label>
88:                             </div>
89:                                <%
90:                                     List<Evento> lista = EventoDaoJDBC.getAllEventos();
91:                                     for(Evento evento : lista) {
92:                                     %>
93:                                     <tr>                                        


Ha tenido lugar un error en la línea: [91] en el archivo jsp: [/templates/clients/registrarse.jsp]
Evento cannot be resolved to a type
88:                             </div>
89:                                <%
90:                                     List<Evento> lista = EventoDaoJDBC.getAllEventos();
91:                                     for(Evento evento : lista) {
92:                                     %>
93:                                     <tr>                                        
94:                                         <td> <%=evento.getNombre()%> </td>                             


Stacktrace:
		at org.apache.jasper.compiler.DefaultErrorHandler.javacError(DefaultErrorHandler.java:102)
		at org.apache.jasper.compiler.ErrorDispatcher.javacError(ErrorDispatcher.java:213)
		at org.apache.jasper.compiler.JDTCompiler.generateClass(JDTCompiler.java:513)
		at org.apache.jasper.compiler.Compiler.compile(Compiler.java:402)
		at org.apache.jasper.compiler.Compiler.compile(Compiler.java:372)
		at org.apache.jasper.compiler.Compiler.compile(Compiler.java:356)
		at org.apache.jasper.JspCompilationContext.compile(JspCompilationContext.java:603)
		at org.apache.jasper.servlet.JspServletWrapper.service(JspServletWrapper.java:396)
		at org.apache.jasper.servlet.JspServlet.serviceJspFile(JspServlet.java:380)
		at org.apache.jasper.servlet.JspServlet.service(JspServlet.java:328)
		at jakarta.servlet.http.HttpServlet.service(HttpServlet.java:658)
		at org.apache.catalina.core.ApplicationFilterChain.internalDoFilter(ApplicationFilterChain.java:205)
		at org.apache.catalina.core.ApplicationFilterChain.doFilter(ApplicationFilterChain.java:149)
		at org.apache.tomcat.websocket.server.WsFilter.doFilter(WsFilter.java:51)
		at org.apache.catalina.core.ApplicationFilterChain.internalDoFilter(ApplicationFilterChain.java:174)
		at org.apache.catalina.core.ApplicationFilterChain.doFilter(ApplicationFilterChain.java:149)
		at org.apache.catalina.core.StandardWrapperValve.invoke(StandardWrapperValve.java:166)
		at org.apache.catalina.core.StandardContextValve.invoke(StandardContextValve.java:90)
		at org.apache.catalina.authenticator.AuthenticatorBase.invoke(AuthenticatorBase.java:482)
		at org.apache.catalina.core.StandardHostValve.invoke(StandardHostValve.java:115)
		at org.apache.catalina.valves.ErrorReportValve.invoke(ErrorReportValve.java:93)
		at org.apache.catalina.valves.AbstractAccessLogValve.invoke(AbstractAccessLogValve.java:676)
		at org.apache.catalina.core.StandardEngineValve.invoke(StandardEngineValve.java:74)
		at org.apache.catalina.connector.CoyoteAdapter.service(CoyoteAdapter.java:341)
		at org.apache.coyote.http11.Http11Processor.service(Http11Processor.java:390)
		at org.apache.coyote.AbstractProcessorLight.process(AbstractProcessorLight.java:63)
		at org.apache.coyote.AbstractProtocol$ConnectionHandler.process(AbstractProtocol.java:894)
		at org.apache.tomcat.util.net.NioEndpoint$SocketProcessor.doRun(NioEndpoint.java:1741)
		at org.apache.tomcat.util.net.SocketProcessorBase.run(SocketProcessorBase.java:52)
		at org.apache.tomcat.util.threads.ThreadPoolExecutor.runWorker(ThreadPoolExecutor.java:1191)
		at org.apache.tomcat.util.threads.ThreadPoolExecutor$Worker.run(ThreadPoolExecutor.java:659)
		at org.apache.tomcat.util.threads.TaskThread$WrappingRunnable.run(TaskThread.java:61)
		at java.base/java.lang.Thread.run(Thread.java:833)
26-May-2023 13:19:51.809 SEVERE [http-nio-8080-exec-36] org.apache.catalina.core.StandardWrapperValve.invoke El Servlet.service() para el servlet [jsp] en el contexto con ruta [/Gestion_Eventos] lanzó la excepción [No se puede compilar la clase para JSP: 

Ha tenido lugar un error en la línea: [90] en el archivo jsp: [/templates/clients/registrarse.jsp]
List cannot be resolved to a type
87:                                 <label for="floatingInput">Correo</label>
88:                             </div>
89:                                <%
90:                                     List<Evento> nombres = EventoDaoJDBC.getAllEventos();
91:                                     for(Evento evento : lista) {
92:                                     %>
93:                                     <tr>                                        


Ha tenido lugar un error en la línea: [90] en el archivo jsp: [/templates/clients/registrarse.jsp]
Evento cannot be resolved to a type
87:                                 <label for="floatingInput">Correo</label>
88:                             </div>
89:                                <%
90:                                     List<Evento> nombres = EventoDaoJDBC.getAllEventos();
91:                                     for(Evento evento : lista) {
92:                                     %>
93:                                     <tr>                                        


Ha tenido lugar un error en la línea: [90] en el archivo jsp: [/templates/clients/registrarse.jsp]
EventoDaoJDBC cannot be resolved
87:                                 <label for="floatingInput">Correo</label>
88:                             </div>
89:                                <%
90:                                     List<Evento> nombres = EventoDaoJDBC.getAllEventos();
91:                                     for(Evento evento : lista) {
92:                                     %>
93:                                     <tr>                                        


Ha tenido lugar un error en la línea: [91] en el archivo jsp: [/templates/clients/registrarse.jsp]
Evento cannot be resolved to a type
88:                             </div>
89:                                <%
90:                                     List<Evento> nombres = EventoDaoJDBC.getAllEventos();
91:                                     for(Evento evento : lista) {
92:                                     %>
93:                                     <tr>                                        
94:                                         <td> <%=evento.getNombre()%> </td>                             


Ha tenido lugar un error en la línea: [91] en el archivo jsp: [/templates/clients/registrarse.jsp]
lista cannot be resolved to a variable
88:                             </div>
89:                                <%
90:                                     List<Evento> nombres = EventoDaoJDBC.getAllEventos();
91:                                     for(Evento evento : lista) {
92:                                     %>
93:                                     <tr>                                        
94:                                         <td> <%=evento.getNombre()%> </td>                             


Stacktrace:] con causa raíz
	org.apache.jasper.JasperException: No se puede compilar la clase para JSP: 

Ha tenido lugar un error en la línea: [90] en el archivo jsp: [/templates/clients/registrarse.jsp]
List cannot be resolved to a type
87:                                 <label for="floatingInput">Correo</label>
88:                             </div>
89:                                <%
90:                                     List<Evento> nombres = EventoDaoJDBC.getAllEventos();
91:                                     for(Evento evento : lista) {
92:                                     %>
93:                                     <tr>                                        


Ha tenido lugar un error en la línea: [90] en el archivo jsp: [/templates/clients/registrarse.jsp]
Evento cannot be resolved to a type
87:                                 <label for="floatingInput">Correo</label>
88:                             </div>
89:                                <%
90:                                     List<Evento> nombres = EventoDaoJDBC.getAllEventos();
91:                                     for(Evento evento : lista) {
92:                                     %>
93:                                     <tr>                                        


Ha tenido lugar un error en la línea: [90] en el archivo jsp: [/templates/clients/registrarse.jsp]
EventoDaoJDBC cannot be resolved
87:                                 <label for="floatingInput">Correo</label>
88:                             </div>
89:                                <%
90:                                     List<Evento> nombres = EventoDaoJDBC.getAllEventos();
91:                                     for(Evento evento : lista) {
92:                                     %>
93:                                     <tr>                                        


Ha tenido lugar un error en la línea: [91] en el archivo jsp: [/templates/clients/registrarse.jsp]
Evento cannot be resolved to a type
88:                             </div>
89:                                <%
90:                                     List<Evento> nombres = EventoDaoJDBC.getAllEventos();
91:                                     for(Evento evento : lista) {
92:                                     %>
93:                                     <tr>                                        
94:                                         <td> <%=evento.getNombre()%> </td>                             


Ha tenido lugar un error en la línea: [91] en el archivo jsp: [/templates/clients/registrarse.jsp]
lista cannot be resolved to a variable
88:                             </div>
89:                                <%
90:                                     List<Evento> nombres = EventoDaoJDBC.getAllEventos();
91:                                     for(Evento evento : lista) {
92:                                     %>
93:                                     <tr>                                        
94:                                         <td> <%=evento.getNombre()%> </td>                             


Stacktrace:
		at org.apache.jasper.compiler.DefaultErrorHandler.javacError(DefaultErrorHandler.java:102)
		at org.apache.jasper.compiler.ErrorDispatcher.javacError(ErrorDispatcher.java:213)
		at org.apache.jasper.compiler.JDTCompiler.generateClass(JDTCompiler.java:513)
		at org.apache.jasper.compiler.Compiler.compile(Compiler.java:402)
		at org.apache.jasper.compiler.Compiler.compile(Compiler.java:372)
		at org.apache.jasper.compiler.Compiler.compile(Compiler.java:356)
		at org.apache.jasper.JspCompilationContext.compile(JspCompilationContext.java:603)
		at org.apache.jasper.servlet.JspServletWrapper.service(JspServletWrapper.java:396)
		at org.apache.jasper.servlet.JspServlet.serviceJspFile(JspServlet.java:380)
		at org.apache.jasper.servlet.JspServlet.service(JspServlet.java:328)
		at jakarta.servlet.http.HttpServlet.service(HttpServlet.java:658)
		at org.apache.catalina.core.ApplicationFilterChain.internalDoFilter(ApplicationFilterChain.java:205)
		at org.apache.catalina.core.ApplicationFilterChain.doFilter(ApplicationFilterChain.java:149)
		at org.apache.tomcat.websocket.server.WsFilter.doFilter(WsFilter.java:51)
		at org.apache.catalina.core.ApplicationFilterChain.internalDoFilter(ApplicationFilterChain.java:174)
		at org.apache.catalina.core.ApplicationFilterChain.doFilter(ApplicationFilterChain.java:149)
		at org.apache.catalina.core.StandardWrapperValve.invoke(StandardWrapperValve.java:166)
		at org.apache.catalina.core.StandardContextValve.invoke(StandardContextValve.java:90)
		at org.apache.catalina.authenticator.AuthenticatorBase.invoke(AuthenticatorBase.java:482)
		at org.apache.catalina.core.StandardHostValve.invoke(StandardHostValve.java:115)
		at org.apache.catalina.valves.ErrorReportValve.invoke(ErrorReportValve.java:93)
		at org.apache.catalina.valves.AbstractAccessLogValve.invoke(AbstractAccessLogValve.java:676)
		at org.apache.catalina.core.StandardEngineValve.invoke(StandardEngineValve.java:74)
		at org.apache.catalina.connector.CoyoteAdapter.service(CoyoteAdapter.java:341)
		at org.apache.coyote.http11.Http11Processor.service(Http11Processor.java:390)
		at org.apache.coyote.AbstractProcessorLight.process(AbstractProcessorLight.java:63)
		at org.apache.coyote.AbstractProtocol$ConnectionHandler.process(AbstractProtocol.java:894)
		at org.apache.tomcat.util.net.NioEndpoint$SocketProcessor.doRun(NioEndpoint.java:1741)
		at org.apache.tomcat.util.net.SocketProcessorBase.run(SocketProcessorBase.java:52)
		at org.apache.tomcat.util.threads.ThreadPoolExecutor.runWorker(ThreadPoolExecutor.java:1191)
		at org.apache.tomcat.util.threads.ThreadPoolExecutor$Worker.run(ThreadPoolExecutor.java:659)
		at org.apache.tomcat.util.threads.TaskThread$WrappingRunnable.run(TaskThread.java:61)
		at java.base/java.lang.Thread.run(Thread.java:833)
26-May-2023 13:20:27.049 SEVERE [http-nio-8080-exec-35] org.apache.catalina.core.StandardWrapperValve.invoke El Servlet.service() para el servlet [jsp] en el contexto con ruta [/Gestion_Eventos] lanzó la excepción [No se puede compilar la clase para JSP: 

Ha tenido lugar un error en la línea: [90] en el archivo jsp: [/templates/clients/registrarse.jsp]
List cannot be resolved to a type
87:                                 <label for="floatingInput">Correo</label>
88:                             </div>
89:                                <%
90:                                     List<Evento> nombres = EventoDaoJDBC.getNombres();
91:                                     for(Evento evento : lista) {
92:                                     %>
93:                                     <tr>                                        


Ha tenido lugar un error en la línea: [90] en el archivo jsp: [/templates/clients/registrarse.jsp]
Evento cannot be resolved to a type
87:                                 <label for="floatingInput">Correo</label>
88:                             </div>
89:                                <%
90:                                     List<Evento> nombres = EventoDaoJDBC.getNombres();
91:                                     for(Evento evento : lista) {
92:                                     %>
93:                                     <tr>                                        


Ha tenido lugar un error en la línea: [90] en el archivo jsp: [/templates/clients/registrarse.jsp]
EventoDaoJDBC cannot be resolved
87:                                 <label for="floatingInput">Correo</label>
88:                             </div>
89:                                <%
90:                                     List<Evento> nombres = EventoDaoJDBC.getNombres();
91:                                     for(Evento evento : lista) {
92:                                     %>
93:                                     <tr>                                        


Ha tenido lugar un error en la línea: [91] en el archivo jsp: [/templates/clients/registrarse.jsp]
Evento cannot be resolved to a type
88:                             </div>
89:                                <%
90:                                     List<Evento> nombres = EventoDaoJDBC.getNombres();
91:                                     for(Evento evento : lista) {
92:                                     %>
93:                                     <tr>                                        
94:                                         <td> <%=evento.getNombre()%> </td>                             


Ha tenido lugar un error en la línea: [91] en el archivo jsp: [/templates/clients/registrarse.jsp]
lista cannot be resolved to a variable
88:                             </div>
89:                                <%
90:                                     List<Evento> nombres = EventoDaoJDBC.getNombres();
91:                                     for(Evento evento : lista) {
92:                                     %>
93:                                     <tr>                                        
94:                                         <td> <%=evento.getNombre()%> </td>                             


Stacktrace:] con causa raíz
	org.apache.jasper.JasperException: No se puede compilar la clase para JSP: 

Ha tenido lugar un error en la línea: [90] en el archivo jsp: [/templates/clients/registrarse.jsp]
List cannot be resolved to a type
87:                                 <label for="floatingInput">Correo</label>
88:                             </div>
89:                                <%
90:                                     List<Evento> nombres = EventoDaoJDBC.getNombres();
91:                                     for(Evento evento : lista) {
92:                                     %>
93:                                     <tr>                                        


Ha tenido lugar un error en la línea: [90] en el archivo jsp: [/templates/clients/registrarse.jsp]
Evento cannot be resolved to a type
87:                                 <label for="floatingInput">Correo</label>
88:                             </div>
89:                                <%
90:                                     List<Evento> nombres = EventoDaoJDBC.getNombres();
91:                                     for(Evento evento : lista) {
92:                                     %>
93:                                     <tr>                                        


Ha tenido lugar un error en la línea: [90] en el archivo jsp: [/templates/clients/registrarse.jsp]
EventoDaoJDBC cannot be resolved
87:                                 <label for="floatingInput">Correo</label>
88:                             </div>
89:                                <%
90:                                     List<Evento> nombres = EventoDaoJDBC.getNombres();
91:                                     for(Evento evento : lista) {
92:                                     %>
93:                                     <tr>                                        


Ha tenido lugar un error en la línea: [91] en el archivo jsp: [/templates/clients/registrarse.jsp]
Evento cannot be resolved to a type
88:                             </div>
89:                                <%
90:                                     List<Evento> nombres = EventoDaoJDBC.getNombres();
91:                                     for(Evento evento : lista) {
92:                                     %>
93:                                     <tr>                                        
94:                                         <td> <%=evento.getNombre()%> </td>                             


Ha tenido lugar un error en la línea: [91] en el archivo jsp: [/templates/clients/registrarse.jsp]
lista cannot be resolved to a variable
88:                             </div>
89:                                <%
90:                                     List<Evento> nombres = EventoDaoJDBC.getNombres();
91:                                     for(Evento evento : lista) {
92:                                     %>
93:                                     <tr>                                        
94:                                         <td> <%=evento.getNombre()%> </td>                             


Stacktrace:
		at org.apache.jasper.compiler.DefaultErrorHandler.javacError(DefaultErrorHandler.java:102)
		at org.apache.jasper.compiler.ErrorDispatcher.javacError(ErrorDispatcher.java:213)
		at org.apache.jasper.compiler.JDTCompiler.generateClass(JDTCompiler.java:513)
		at org.apache.jasper.compiler.Compiler.compile(Compiler.java:402)
		at org.apache.jasper.compiler.Compiler.compile(Compiler.java:372)
		at org.apache.jasper.compiler.Compiler.compile(Compiler.java:356)
		at org.apache.jasper.JspCompilationContext.compile(JspCompilationContext.java:603)
		at org.apache.jasper.servlet.JspServletWrapper.service(JspServletWrapper.java:396)
		at org.apache.jasper.servlet.JspServlet.serviceJspFile(JspServlet.java:380)
		at org.apache.jasper.servlet.JspServlet.service(JspServlet.java:328)
		at jakarta.servlet.http.HttpServlet.service(HttpServlet.java:658)
		at org.apache.catalina.core.ApplicationFilterChain.internalDoFilter(ApplicationFilterChain.java:205)
		at org.apache.catalina.core.ApplicationFilterChain.doFilter(ApplicationFilterChain.java:149)
		at org.apache.tomcat.websocket.server.WsFilter.doFilter(WsFilter.java:51)
		at org.apache.catalina.core.ApplicationFilterChain.internalDoFilter(ApplicationFilterChain.java:174)
		at org.apache.catalina.core.ApplicationFilterChain.doFilter(ApplicationFilterChain.java:149)
		at org.apache.catalina.core.StandardWrapperValve.invoke(StandardWrapperValve.java:166)
		at org.apache.catalina.core.StandardContextValve.invoke(StandardContextValve.java:90)
		at org.apache.catalina.authenticator.AuthenticatorBase.invoke(AuthenticatorBase.java:482)
		at org.apache.catalina.core.StandardHostValve.invoke(StandardHostValve.java:115)
		at org.apache.catalina.valves.ErrorReportValve.invoke(ErrorReportValve.java:93)
		at org.apache.catalina.valves.AbstractAccessLogValve.invoke(AbstractAccessLogValve.java:676)
		at org.apache.catalina.core.StandardEngineValve.invoke(StandardEngineValve.java:74)
		at org.apache.catalina.connector.CoyoteAdapter.service(CoyoteAdapter.java:341)
		at org.apache.coyote.http11.Http11Processor.service(Http11Processor.java:390)
		at org.apache.coyote.AbstractProcessorLight.process(AbstractProcessorLight.java:63)
		at org.apache.coyote.AbstractProtocol$ConnectionHandler.process(AbstractProtocol.java:894)
		at org.apache.tomcat.util.net.NioEndpoint$SocketProcessor.doRun(NioEndpoint.java:1741)
		at org.apache.tomcat.util.net.SocketProcessorBase.run(SocketProcessorBase.java:52)
		at org.apache.tomcat.util.threads.ThreadPoolExecutor.runWorker(ThreadPoolExecutor.java:1191)
		at org.apache.tomcat.util.threads.ThreadPoolExecutor$Worker.run(ThreadPoolExecutor.java:659)
		at org.apache.tomcat.util.threads.TaskThread$WrappingRunnable.run(TaskThread.java:61)
		at java.base/java.lang.Thread.run(Thread.java:833)
26-May-2023 13:21:18.786 SEVERE [http-nio-8080-exec-34] org.apache.catalina.core.StandardWrapperValve.invoke El Servlet.service() para el servlet [jsp] en el contexto con ruta [/Gestion_Eventos] lanzó la excepción [No se puede compilar la clase para JSP: 

Ha tenido lugar un error en la línea: [93] en el archivo jsp: [/templates/clients/registrarse.jsp]
Cannot make a static reference to the non-static method getNombres() from the type EventoDaoJDBC
90:                                 <label for="floatingInput">Correo</label>
91:                             </div>
92:                                <%
93:                                     List<Evento> nombres = EventoDaoJDBC.getNombres();
94:                                     for(Evento evento : lista) {
95:                                     %>
96:                                     <tr>                                        


Ha tenido lugar un error en la línea: [93] en el archivo jsp: [/templates/clients/registrarse.jsp]
Type mismatch: cannot convert from List<String> to List<Evento>
90:                                 <label for="floatingInput">Correo</label>
91:                             </div>
92:                                <%
93:                                     List<Evento> nombres = EventoDaoJDBC.getNombres();
94:                                     for(Evento evento : lista) {
95:                                     %>
96:                                     <tr>                                        


Ha tenido lugar un error en la línea: [94] en el archivo jsp: [/templates/clients/registrarse.jsp]
lista cannot be resolved to a variable
91:                             </div>
92:                                <%
93:                                     List<Evento> nombres = EventoDaoJDBC.getNombres();
94:                                     for(Evento evento : lista) {
95:                                     %>
96:                                     <tr>                                        
97:                                         <td> <%=evento.getNombre()%> </td>                             


Stacktrace:] con causa raíz
	org.apache.jasper.JasperException: No se puede compilar la clase para JSP: 

Ha tenido lugar un error en la línea: [93] en el archivo jsp: [/templates/clients/registrarse.jsp]
Cannot make a static reference to the non-static method getNombres() from the type EventoDaoJDBC
90:                                 <label for="floatingInput">Correo</label>
91:                             </div>
92:                                <%
93:                                     List<Evento> nombres = EventoDaoJDBC.getNombres();
94:                                     for(Evento evento : lista) {
95:                                     %>
96:                                     <tr>                                        


Ha tenido lugar un error en la línea: [93] en el archivo jsp: [/templates/clients/registrarse.jsp]
Type mismatch: cannot convert from List<String> to List<Evento>
90:                                 <label for="floatingInput">Correo</label>
91:                             </div>
92:                                <%
93:                                     List<Evento> nombres = EventoDaoJDBC.getNombres();
94:                                     for(Evento evento : lista) {
95:                                     %>
96:                                     <tr>                                        


Ha tenido lugar un error en la línea: [94] en el archivo jsp: [/templates/clients/registrarse.jsp]
lista cannot be resolved to a variable
91:                             </div>
92:                                <%
93:                                     List<Evento> nombres = EventoDaoJDBC.getNombres();
94:                                     for(Evento evento : lista) {
95:                                     %>
96:                                     <tr>                                        
97:                                         <td> <%=evento.getNombre()%> </td>                             


Stacktrace:
		at org.apache.jasper.compiler.DefaultErrorHandler.javacError(DefaultErrorHandler.java:102)
		at org.apache.jasper.compiler.ErrorDispatcher.javacError(ErrorDispatcher.java:213)
		at org.apache.jasper.compiler.JDTCompiler.generateClass(JDTCompiler.java:513)
		at org.apache.jasper.compiler.Compiler.compile(Compiler.java:402)
		at org.apache.jasper.compiler.Compiler.compile(Compiler.java:372)
		at org.apache.jasper.compiler.Compiler.compile(Compiler.java:356)
		at org.apache.jasper.JspCompilationContext.compile(JspCompilationContext.java:603)
		at org.apache.jasper.servlet.JspServletWrapper.service(JspServletWrapper.java:396)
		at org.apache.jasper.servlet.JspServlet.serviceJspFile(JspServlet.java:380)
		at org.apache.jasper.servlet.JspServlet.service(JspServlet.java:328)
		at jakarta.servlet.http.HttpServlet.service(HttpServlet.java:658)
		at org.apache.catalina.core.ApplicationFilterChain.internalDoFilter(ApplicationFilterChain.java:205)
		at org.apache.catalina.core.ApplicationFilterChain.doFilter(ApplicationFilterChain.java:149)
		at org.apache.tomcat.websocket.server.WsFilter.doFilter(WsFilter.java:51)
		at org.apache.catalina.core.ApplicationFilterChain.internalDoFilter(ApplicationFilterChain.java:174)
		at org.apache.catalina.core.ApplicationFilterChain.doFilter(ApplicationFilterChain.java:149)
		at org.apache.catalina.core.StandardWrapperValve.invoke(StandardWrapperValve.java:166)
		at org.apache.catalina.core.StandardContextValve.invoke(StandardContextValve.java:90)
		at org.apache.catalina.authenticator.AuthenticatorBase.invoke(AuthenticatorBase.java:482)
		at org.apache.catalina.core.StandardHostValve.invoke(StandardHostValve.java:115)
		at org.apache.catalina.valves.ErrorReportValve.invoke(ErrorReportValve.java:93)
		at org.apache.catalina.valves.AbstractAccessLogValve.invoke(AbstractAccessLogValve.java:676)
		at org.apache.catalina.core.StandardEngineValve.invoke(StandardEngineValve.java:74)
		at org.apache.catalina.connector.CoyoteAdapter.service(CoyoteAdapter.java:341)
		at org.apache.coyote.http11.Http11Processor.service(Http11Processor.java:390)
		at org.apache.coyote.AbstractProcessorLight.process(AbstractProcessorLight.java:63)
		at org.apache.coyote.AbstractProtocol$ConnectionHandler.process(AbstractProtocol.java:894)
		at org.apache.tomcat.util.net.NioEndpoint$SocketProcessor.doRun(NioEndpoint.java:1741)
		at org.apache.tomcat.util.net.SocketProcessorBase.run(SocketProcessorBase.java:52)
		at org.apache.tomcat.util.threads.ThreadPoolExecutor.runWorker(ThreadPoolExecutor.java:1191)
		at org.apache.tomcat.util.threads.ThreadPoolExecutor$Worker.run(ThreadPoolExecutor.java:659)
		at org.apache.tomcat.util.threads.TaskThread$WrappingRunnable.run(TaskThread.java:61)
		at java.base/java.lang.Thread.run(Thread.java:833)
26-May-2023 13:28:40.742 SEVERE [http-nio-8080-exec-49] org.apache.catalina.core.StandardWrapperValve.invoke El Servlet.service() para el servlet [jsp] en el contexto con ruta [/Gestion_Eventos] lanzó la excepción [No se puede compilar la clase para JSP: 

Ha tenido lugar un error en la línea: [93] en el archivo jsp: [/templates/clients/registrarse.jsp]
Type mismatch: cannot convert from List<String> to List<Evento>
90:                                 <label for="floatingInput">Correo</label>
91:                             </div>
92:                                <%
93:                                     List<Evento> nombres = EventoDaoJDBC.getNombres();
94:                                     for(Evento evento : lista) {
95:                                     %>
96:                                     <tr>                                        


Ha tenido lugar un error en la línea: [94] en el archivo jsp: [/templates/clients/registrarse.jsp]
lista cannot be resolved to a variable
91:                             </div>
92:                                <%
93:                                     List<Evento> nombres = EventoDaoJDBC.getNombres();
94:                                     for(Evento evento : lista) {
95:                                     %>
96:                                     <tr>                                        
97:                                         <td> <%=evento.getNombre()%> </td>                             


Stacktrace:] con causa raíz
	org.apache.jasper.JasperException: No se puede compilar la clase para JSP: 

Ha tenido lugar un error en la línea: [93] en el archivo jsp: [/templates/clients/registrarse.jsp]
Type mismatch: cannot convert from List<String> to List<Evento>
90:                                 <label for="floatingInput">Correo</label>
91:                             </div>
92:                                <%
93:                                     List<Evento> nombres = EventoDaoJDBC.getNombres();
94:                                     for(Evento evento : lista) {
95:                                     %>
96:                                     <tr>                                        


Ha tenido lugar un error en la línea: [94] en el archivo jsp: [/templates/clients/registrarse.jsp]
lista cannot be resolved to a variable
91:                             </div>
92:                                <%
93:                                     List<Evento> nombres = EventoDaoJDBC.getNombres();
94:                                     for(Evento evento : lista) {
95:                                     %>
96:                                     <tr>                                        
97:                                         <td> <%=evento.getNombre()%> </td>                             


Stacktrace:
		at org.apache.jasper.compiler.DefaultErrorHandler.javacError(DefaultErrorHandler.java:102)
		at org.apache.jasper.compiler.ErrorDispatcher.javacError(ErrorDispatcher.java:213)
		at org.apache.jasper.compiler.JDTCompiler.generateClass(JDTCompiler.java:513)
		at org.apache.jasper.compiler.Compiler.compile(Compiler.java:402)
		at org.apache.jasper.compiler.Compiler.compile(Compiler.java:372)
		at org.apache.jasper.compiler.Compiler.compile(Compiler.java:356)
		at org.apache.jasper.JspCompilationContext.compile(JspCompilationContext.java:603)
		at org.apache.jasper.servlet.JspServletWrapper.service(JspServletWrapper.java:396)
		at org.apache.jasper.servlet.JspServlet.serviceJspFile(JspServlet.java:380)
		at org.apache.jasper.servlet.JspServlet.service(JspServlet.java:328)
		at jakarta.servlet.http.HttpServlet.service(HttpServlet.java:658)
		at org.apache.catalina.core.ApplicationFilterChain.internalDoFilter(ApplicationFilterChain.java:205)
		at org.apache.catalina.core.ApplicationFilterChain.doFilter(ApplicationFilterChain.java:149)
		at org.apache.tomcat.websocket.server.WsFilter.doFilter(WsFilter.java:51)
		at org.apache.catalina.core.ApplicationFilterChain.internalDoFilter(ApplicationFilterChain.java:174)
		at org.apache.catalina.core.ApplicationFilterChain.doFilter(ApplicationFilterChain.java:149)
		at org.apache.catalina.core.StandardWrapperValve.invoke(StandardWrapperValve.java:166)
		at org.apache.catalina.core.StandardContextValve.invoke(StandardContextValve.java:90)
		at org.apache.catalina.authenticator.AuthenticatorBase.invoke(AuthenticatorBase.java:482)
		at org.apache.catalina.core.StandardHostValve.invoke(StandardHostValve.java:115)
		at org.apache.catalina.valves.ErrorReportValve.invoke(ErrorReportValve.java:93)
		at org.apache.catalina.valves.AbstractAccessLogValve.invoke(AbstractAccessLogValve.java:676)
		at org.apache.catalina.core.StandardEngineValve.invoke(StandardEngineValve.java:74)
		at org.apache.catalina.connector.CoyoteAdapter.service(CoyoteAdapter.java:341)
		at org.apache.coyote.http11.Http11Processor.service(Http11Processor.java:390)
		at org.apache.coyote.AbstractProcessorLight.process(AbstractProcessorLight.java:63)
		at org.apache.coyote.AbstractProtocol$ConnectionHandler.process(AbstractProtocol.java:894)
		at org.apache.tomcat.util.net.NioEndpoint$SocketProcessor.doRun(NioEndpoint.java:1741)
		at org.apache.tomcat.util.net.SocketProcessorBase.run(SocketProcessorBase.java:52)
		at org.apache.tomcat.util.threads.ThreadPoolExecutor.runWorker(ThreadPoolExecutor.java:1191)
		at org.apache.tomcat.util.threads.ThreadPoolExecutor$Worker.run(ThreadPoolExecutor.java:659)
		at org.apache.tomcat.util.threads.TaskThread$WrappingRunnable.run(TaskThread.java:61)
		at java.base/java.lang.Thread.run(Thread.java:833)
26-May-2023 13:28:58.789 SEVERE [http-nio-8080-exec-44] org.apache.catalina.core.StandardWrapperValve.invoke El Servlet.service() para el servlet [jsp] en el contexto con ruta [/Gestion_Eventos] lanzó la excepción [No se puede compilar la clase para JSP: 

Ha tenido lugar un error en la línea: [93] en el archivo jsp: [/templates/clients/registrarse.jsp]
Type mismatch: cannot convert from List<String> to List<Evento>
90:                                 <label for="floatingInput">Correo</label>
91:                             </div>
92:                                <%
93:                                     List<Evento> nombres = EventoDaoJDBC.getNombres();
94:                                     for(Evento evento : lista) {
95:                                     %>
96:                                     <tr>                                        


Ha tenido lugar un error en la línea: [94] en el archivo jsp: [/templates/clients/registrarse.jsp]
lista cannot be resolved to a variable
91:                             </div>
92:                                <%
93:                                     List<Evento> nombres = EventoDaoJDBC.getNombres();
94:                                     for(Evento evento : lista) {
95:                                     %>
96:                                     <tr>                                        
97:                                         <td> <%=evento.getNombre()%> </td>                             


Stacktrace:] con causa raíz
	org.apache.jasper.JasperException: No se puede compilar la clase para JSP: 

Ha tenido lugar un error en la línea: [93] en el archivo jsp: [/templates/clients/registrarse.jsp]
Type mismatch: cannot convert from List<String> to List<Evento>
90:                                 <label for="floatingInput">Correo</label>
91:                             </div>
92:                                <%
93:                                     List<Evento> nombres = EventoDaoJDBC.getNombres();
94:                                     for(Evento evento : lista) {
95:                                     %>
96:                                     <tr>                                        


Ha tenido lugar un error en la línea: [94] en el archivo jsp: [/templates/clients/registrarse.jsp]
lista cannot be resolved to a variable
91:                             </div>
92:                                <%
93:                                     List<Evento> nombres = EventoDaoJDBC.getNombres();
94:                                     for(Evento evento : lista) {
95:                                     %>
96:                                     <tr>                                        
97:                                         <td> <%=evento.getNombre()%> </td>                             


Stacktrace:
		at org.apache.jasper.compiler.DefaultErrorHandler.javacError(DefaultErrorHandler.java:102)
		at org.apache.jasper.compiler.ErrorDispatcher.javacError(ErrorDispatcher.java:213)
		at org.apache.jasper.compiler.JDTCompiler.generateClass(JDTCompiler.java:513)
		at org.apache.jasper.compiler.Compiler.compile(Compiler.java:402)
		at org.apache.jasper.compiler.Compiler.compile(Compiler.java:372)
		at org.apache.jasper.compiler.Compiler.compile(Compiler.java:356)
		at org.apache.jasper.JspCompilationContext.compile(JspCompilationContext.java:603)
		at org.apache.jasper.servlet.JspServletWrapper.service(JspServletWrapper.java:396)
		at org.apache.jasper.servlet.JspServlet.serviceJspFile(JspServlet.java:380)
		at org.apache.jasper.servlet.JspServlet.service(JspServlet.java:328)
		at jakarta.servlet.http.HttpServlet.service(HttpServlet.java:658)
		at org.apache.catalina.core.ApplicationFilterChain.internalDoFilter(ApplicationFilterChain.java:205)
		at org.apache.catalina.core.ApplicationFilterChain.doFilter(ApplicationFilterChain.java:149)
		at org.apache.tomcat.websocket.server.WsFilter.doFilter(WsFilter.java:51)
		at org.apache.catalina.core.ApplicationFilterChain.internalDoFilter(ApplicationFilterChain.java:174)
		at org.apache.catalina.core.ApplicationFilterChain.doFilter(ApplicationFilterChain.java:149)
		at org.apache.catalina.core.StandardWrapperValve.invoke(StandardWrapperValve.java:166)
		at org.apache.catalina.core.StandardContextValve.invoke(StandardContextValve.java:90)
		at org.apache.catalina.authenticator.AuthenticatorBase.invoke(AuthenticatorBase.java:482)
		at org.apache.catalina.core.StandardHostValve.invoke(StandardHostValve.java:115)
		at org.apache.catalina.valves.ErrorReportValve.invoke(ErrorReportValve.java:93)
		at org.apache.catalina.valves.AbstractAccessLogValve.invoke(AbstractAccessLogValve.java:676)
		at org.apache.catalina.core.StandardEngineValve.invoke(StandardEngineValve.java:74)
		at org.apache.catalina.connector.CoyoteAdapter.service(CoyoteAdapter.java:341)
		at org.apache.coyote.http11.Http11Processor.service(Http11Processor.java:390)
		at org.apache.coyote.AbstractProcessorLight.process(AbstractProcessorLight.java:63)
		at org.apache.coyote.AbstractProtocol$ConnectionHandler.process(AbstractProtocol.java:894)
		at org.apache.tomcat.util.net.NioEndpoint$SocketProcessor.doRun(NioEndpoint.java:1741)
		at org.apache.tomcat.util.net.SocketProcessorBase.run(SocketProcessorBase.java:52)
		at org.apache.tomcat.util.threads.ThreadPoolExecutor.runWorker(ThreadPoolExecutor.java:1191)
		at org.apache.tomcat.util.threads.ThreadPoolExecutor$Worker.run(ThreadPoolExecutor.java:659)
		at org.apache.tomcat.util.threads.TaskThread$WrappingRunnable.run(TaskThread.java:61)
		at java.base/java.lang.Thread.run(Thread.java:833)
26-May-2023 13:29:36.813 SEVERE [http-nio-8080-exec-32] org.apache.catalina.core.StandardWrapperValve.invoke El Servlet.service() para el servlet [jsp] en el contexto con ruta [/Gestion_Eventos] lanzó la excepción [No se puede compilar la clase para JSP: 

Ha tenido lugar un error en la línea: [93] en el archivo jsp: [/templates/clients/registrarse.jsp]
Type mismatch: cannot convert from List<String> to List<Evento>
90:                                 <label for="floatingInput">Correo</label>
91:                             </div>
92:                                <%
93:                                     List<Evento> nombres = EventoDaoJDBC.getNombres();
94:                                     for(Evento evento : nombres) {
95:                                     %>
96:                                     <tr>                                        


Stacktrace:] con causa raíz
	org.apache.jasper.JasperException: No se puede compilar la clase para JSP: 

Ha tenido lugar un error en la línea: [93] en el archivo jsp: [/templates/clients/registrarse.jsp]
Type mismatch: cannot convert from List<String> to List<Evento>
90:                                 <label for="floatingInput">Correo</label>
91:                             </div>
92:                                <%
93:                                     List<Evento> nombres = EventoDaoJDBC.getNombres();
94:                                     for(Evento evento : nombres) {
95:                                     %>
96:                                     <tr>                                        


Stacktrace:
		at org.apache.jasper.compiler.DefaultErrorHandler.javacError(DefaultErrorHandler.java:102)
		at org.apache.jasper.compiler.ErrorDispatcher.javacError(ErrorDispatcher.java:213)
		at org.apache.jasper.compiler.JDTCompiler.generateClass(JDTCompiler.java:513)
		at org.apache.jasper.compiler.Compiler.compile(Compiler.java:402)
		at org.apache.jasper.compiler.Compiler.compile(Compiler.java:372)
		at org.apache.jasper.compiler.Compiler.compile(Compiler.java:356)
		at org.apache.jasper.JspCompilationContext.compile(JspCompilationContext.java:603)
		at org.apache.jasper.servlet.JspServletWrapper.service(JspServletWrapper.java:396)
		at org.apache.jasper.servlet.JspServlet.serviceJspFile(JspServlet.java:380)
		at org.apache.jasper.servlet.JspServlet.service(JspServlet.java:328)
		at jakarta.servlet.http.HttpServlet.service(HttpServlet.java:658)
		at org.apache.catalina.core.ApplicationFilterChain.internalDoFilter(ApplicationFilterChain.java:205)
		at org.apache.catalina.core.ApplicationFilterChain.doFilter(ApplicationFilterChain.java:149)
		at org.apache.tomcat.websocket.server.WsFilter.doFilter(WsFilter.java:51)
		at org.apache.catalina.core.ApplicationFilterChain.internalDoFilter(ApplicationFilterChain.java:174)
		at org.apache.catalina.core.ApplicationFilterChain.doFilter(ApplicationFilterChain.java:149)
		at org.apache.catalina.core.StandardWrapperValve.invoke(StandardWrapperValve.java:166)
		at org.apache.catalina.core.StandardContextValve.invoke(StandardContextValve.java:90)
		at org.apache.catalina.authenticator.AuthenticatorBase.invoke(AuthenticatorBase.java:482)
		at org.apache.catalina.core.StandardHostValve.invoke(StandardHostValve.java:115)
		at org.apache.catalina.valves.ErrorReportValve.invoke(ErrorReportValve.java:93)
		at org.apache.catalina.valves.AbstractAccessLogValve.invoke(AbstractAccessLogValve.java:676)
		at org.apache.catalina.core.StandardEngineValve.invoke(StandardEngineValve.java:74)
		at org.apache.catalina.connector.CoyoteAdapter.service(CoyoteAdapter.java:341)
		at org.apache.coyote.http11.Http11Processor.service(Http11Processor.java:390)
		at org.apache.coyote.AbstractProcessorLight.process(AbstractProcessorLight.java:63)
		at org.apache.coyote.AbstractProtocol$ConnectionHandler.process(AbstractProtocol.java:894)
		at org.apache.tomcat.util.net.NioEndpoint$SocketProcessor.doRun(NioEndpoint.java:1741)
		at org.apache.tomcat.util.net.SocketProcessorBase.run(SocketProcessorBase.java:52)
		at org.apache.tomcat.util.threads.ThreadPoolExecutor.runWorker(ThreadPoolExecutor.java:1191)
		at org.apache.tomcat.util.threads.ThreadPoolExecutor$Worker.run(ThreadPoolExecutor.java:659)
		at org.apache.tomcat.util.threads.TaskThread$WrappingRunnable.run(TaskThread.java:61)
		at java.base/java.lang.Thread.run(Thread.java:833)
26-May-2023 13:30:13.462 SEVERE [http-nio-8080-exec-54] org.apache.catalina.core.StandardWrapperValve.invoke El Servlet.service() para el servlet [jsp] en el contexto con ruta [/Gestion_Eventos] lanzó la excepción [No se puede compilar la clase para JSP: 

Ha tenido lugar un error en la línea: [94] en el archivo jsp: [/templates/clients/registrarse.jsp]
Type mismatch: cannot convert from List<String> to List<Evento>
91:                             </div>
92:                             <div class="form-floating mb-3">
93:                                <%
94:                                     List<Evento> nombres = EventoDaoJDBC.getNombres();
95:                                     for(Evento evento : nombres) {
96:                                     %>
97:                                     <tr>                                        


Stacktrace:] con causa raíz
	org.apache.jasper.JasperException: No se puede compilar la clase para JSP: 

Ha tenido lugar un error en la línea: [94] en el archivo jsp: [/templates/clients/registrarse.jsp]
Type mismatch: cannot convert from List<String> to List<Evento>
91:                             </div>
92:                             <div class="form-floating mb-3">
93:                                <%
94:                                     List<Evento> nombres = EventoDaoJDBC.getNombres();
95:                                     for(Evento evento : nombres) {
96:                                     %>
97:                                     <tr>                                        


Stacktrace:
		at org.apache.jasper.compiler.DefaultErrorHandler.javacError(DefaultErrorHandler.java:102)
		at org.apache.jasper.compiler.ErrorDispatcher.javacError(ErrorDispatcher.java:213)
		at org.apache.jasper.compiler.JDTCompiler.generateClass(JDTCompiler.java:513)
		at org.apache.jasper.compiler.Compiler.compile(Compiler.java:402)
		at org.apache.jasper.compiler.Compiler.compile(Compiler.java:372)
		at org.apache.jasper.compiler.Compiler.compile(Compiler.java:356)
		at org.apache.jasper.JspCompilationContext.compile(JspCompilationContext.java:603)
		at org.apache.jasper.servlet.JspServletWrapper.service(JspServletWrapper.java:396)
		at org.apache.jasper.servlet.JspServlet.serviceJspFile(JspServlet.java:380)
		at org.apache.jasper.servlet.JspServlet.service(JspServlet.java:328)
		at jakarta.servlet.http.HttpServlet.service(HttpServlet.java:658)
		at org.apache.catalina.core.ApplicationFilterChain.internalDoFilter(ApplicationFilterChain.java:205)
		at org.apache.catalina.core.ApplicationFilterChain.doFilter(ApplicationFilterChain.java:149)
		at org.apache.tomcat.websocket.server.WsFilter.doFilter(WsFilter.java:51)
		at org.apache.catalina.core.ApplicationFilterChain.internalDoFilter(ApplicationFilterChain.java:174)
		at org.apache.catalina.core.ApplicationFilterChain.doFilter(ApplicationFilterChain.java:149)
		at org.apache.catalina.core.StandardWrapperValve.invoke(StandardWrapperValve.java:166)
		at org.apache.catalina.core.StandardContextValve.invoke(StandardContextValve.java:90)
		at org.apache.catalina.authenticator.AuthenticatorBase.invoke(AuthenticatorBase.java:482)
		at org.apache.catalina.core.StandardHostValve.invoke(StandardHostValve.java:115)
		at org.apache.catalina.valves.ErrorReportValve.invoke(ErrorReportValve.java:93)
		at org.apache.catalina.valves.AbstractAccessLogValve.invoke(AbstractAccessLogValve.java:676)
		at org.apache.catalina.core.StandardEngineValve.invoke(StandardEngineValve.java:74)
		at org.apache.catalina.connector.CoyoteAdapter.service(CoyoteAdapter.java:341)
		at org.apache.coyote.http11.Http11Processor.service(Http11Processor.java:390)
		at org.apache.coyote.AbstractProcessorLight.process(AbstractProcessorLight.java:63)
		at org.apache.coyote.AbstractProtocol$ConnectionHandler.process(AbstractProtocol.java:894)
		at org.apache.tomcat.util.net.NioEndpoint$SocketProcessor.doRun(NioEndpoint.java:1741)
		at org.apache.tomcat.util.net.SocketProcessorBase.run(SocketProcessorBase.java:52)
		at org.apache.tomcat.util.threads.ThreadPoolExecutor.runWorker(ThreadPoolExecutor.java:1191)
		at org.apache.tomcat.util.threads.ThreadPoolExecutor$Worker.run(ThreadPoolExecutor.java:659)
		at org.apache.tomcat.util.threads.TaskThread$WrappingRunnable.run(TaskThread.java:61)
		at java.base/java.lang.Thread.run(Thread.java:833)
26-May-2023 13:31:55.001 SEVERE [http-nio-8080-exec-52] org.apache.catalina.core.StandardWrapperValve.invoke El Servlet.service() para el servlet [jsp] en el contexto con ruta [/Gestion_Eventos] lanzó la excepción [No se puede compilar la clase para JSP: 

Ha tenido lugar un error en la línea: [95] en el archivo jsp: [/templates/clients/registrarse.jsp]
Type mismatch: cannot convert from element type String to Evento
92:                             <div class="form-floating mb-3">
93:                                <%
94:                                     List<String> nombres = EventoDaoJDBC.getNombres();
95:                                     for(Evento evento : nombres) {
96:                                     %>
97:                                     <tr>                                        
98:                                         <td> <%=evento.getNombre()%> </td>                             


Stacktrace:] con causa raíz
	org.apache.jasper.JasperException: No se puede compilar la clase para JSP: 

Ha tenido lugar un error en la línea: [95] en el archivo jsp: [/templates/clients/registrarse.jsp]
Type mismatch: cannot convert from element type String to Evento
92:                             <div class="form-floating mb-3">
93:                                <%
94:                                     List<String> nombres = EventoDaoJDBC.getNombres();
95:                                     for(Evento evento : nombres) {
96:                                     %>
97:                                     <tr>                                        
98:                                         <td> <%=evento.getNombre()%> </td>                             


Stacktrace:
		at org.apache.jasper.compiler.DefaultErrorHandler.javacError(DefaultErrorHandler.java:102)
		at org.apache.jasper.compiler.ErrorDispatcher.javacError(ErrorDispatcher.java:213)
		at org.apache.jasper.compiler.JDTCompiler.generateClass(JDTCompiler.java:513)
		at org.apache.jasper.compiler.Compiler.compile(Compiler.java:402)
		at org.apache.jasper.compiler.Compiler.compile(Compiler.java:372)
		at org.apache.jasper.compiler.Compiler.compile(Compiler.java:356)
		at org.apache.jasper.JspCompilationContext.compile(JspCompilationContext.java:603)
		at org.apache.jasper.servlet.JspServletWrapper.service(JspServletWrapper.java:396)
		at org.apache.jasper.servlet.JspServlet.serviceJspFile(JspServlet.java:380)
		at org.apache.jasper.servlet.JspServlet.service(JspServlet.java:328)
		at jakarta.servlet.http.HttpServlet.service(HttpServlet.java:658)
		at org.apache.catalina.core.ApplicationFilterChain.internalDoFilter(ApplicationFilterChain.java:205)
		at org.apache.catalina.core.ApplicationFilterChain.doFilter(ApplicationFilterChain.java:149)
		at org.apache.tomcat.websocket.server.WsFilter.doFilter(WsFilter.java:51)
		at org.apache.catalina.core.ApplicationFilterChain.internalDoFilter(ApplicationFilterChain.java:174)
		at org.apache.catalina.core.ApplicationFilterChain.doFilter(ApplicationFilterChain.java:149)
		at org.apache.catalina.core.StandardWrapperValve.invoke(StandardWrapperValve.java:166)
		at org.apache.catalina.core.StandardContextValve.invoke(StandardContextValve.java:90)
		at org.apache.catalina.authenticator.AuthenticatorBase.invoke(AuthenticatorBase.java:482)
		at org.apache.catalina.core.StandardHostValve.invoke(StandardHostValve.java:115)
		at org.apache.catalina.valves.ErrorReportValve.invoke(ErrorReportValve.java:93)
		at org.apache.catalina.valves.AbstractAccessLogValve.invoke(AbstractAccessLogValve.java:676)
		at org.apache.catalina.core.StandardEngineValve.invoke(StandardEngineValve.java:74)
		at org.apache.catalina.connector.CoyoteAdapter.service(CoyoteAdapter.java:341)
		at org.apache.coyote.http11.Http11Processor.service(Http11Processor.java:390)
		at org.apache.coyote.AbstractProcessorLight.process(AbstractProcessorLight.java:63)
		at org.apache.coyote.AbstractProtocol$ConnectionHandler.process(AbstractProtocol.java:894)
		at org.apache.tomcat.util.net.NioEndpoint$SocketProcessor.doRun(NioEndpoint.java:1741)
		at org.apache.tomcat.util.net.SocketProcessorBase.run(SocketProcessorBase.java:52)
		at org.apache.tomcat.util.threads.ThreadPoolExecutor.runWorker(ThreadPoolExecutor.java:1191)
		at org.apache.tomcat.util.threads.ThreadPoolExecutor$Worker.run(ThreadPoolExecutor.java:659)
		at org.apache.tomcat.util.threads.TaskThread$WrappingRunnable.run(TaskThread.java:61)
		at java.base/java.lang.Thread.run(Thread.java:833)
